2026-02-01 16:35:27,446 - INFO - Categorical to Numerical
2026-02-01 16:35:27,446 - INFO - Index(['Gender', 'Age', 'Height', 'Weight', 'Duration', 'Heart_Rate',
       'Body_Temp'],
      dtype='str')
2026-02-01 16:35:27,446 - INFO - Index(['Gender', 'Age', 'Height', 'Weight', 'Duration', 'Heart_Rate',
       'Body_Temp'],
      dtype='str')
2026-02-01 16:35:27,447 - INFO - Gender --> <StringArray>
['male', 'female']
Length: 2, dtype: str
2026-02-01 16:35:27,447 - INFO - Age --> [37 23 33 66 32 24 59 21 26 60 56 50 49 63 41 31 30 44 78 36 55 27 28 71
 51 47 79 61 46 53 54 69 76 22 25 20 52 42 65 43 38 35 70 34 64 48 40 77
 45 68 73 62 29 39 72 57 75 67 74 58]
2026-02-01 16:35:27,447 - INFO - Height --> [179. 195. 181. 156. 144. 175. 164. 170. 189. 159. 183. 160. 202. 173.
 177. 166. 158. 169. 180. 185. 174. 176. 198. 171. 182. 194. 190. 161.
 151. 191. 188. 142. 162. 155. 187. 167. 186. 147. 141. 153. 200. 157.
 165. 178. 154. 184. 212. 163. 213. 197. 199. 172. 193. 204. 201. 192.
 145. 150. 206. 168. 146. 149. 143. 196. 203. 148. 152. 135. 140. 210.
 211. 205. 139. 207. 137. 209. 208. 134. 136. 214. 138. 133. 217. 126.
 127. 218. 132. 123.]
2026-02-01 16:35:27,448 - INFO - Weight --> [ 77.  87.  54.  49.  66.  63.  67.  79.  53.  82. 102.  80.  71.  69.
  68.  57.  84.  73.  81. 101.  60.  97.  58.  76.  75.  90.  55.  96.
  47.  86.  51.  85.  74.  88.  50.  59.  83.  93.  70.  89.  62.  92.
  78.  91.  48.  56. 100.  65.  61. 112. 119.  99.  94. 103.  72.  64.
  52.  98. 105. 107.  45.  46.  95. 106. 104. 113. 111.  41.  40. 108.
 117. 116. 110. 109.  43.  38.  44. 121.  42. 114. 115. 118.  39. 124.
 132.  36. 123. 122.]
2026-02-01 16:35:27,449 - INFO - Duration --> [ 7. 26. 12.  9.  5. 17. 20. 19. 10.  4.  2.  3. 21. 22. 16. 24.  8. 25.
 18. 15. 13.  6. 28.  1. 30. 14. 23. 29. 27. 11.]
2026-02-01 16:35:27,449 - INFO - Heart_Rate --> [ 81. 110.  88.  77.  90.  93. 109.  95.  94.  92.  84.  85.  89.  78.
  91. 103.  98. 102.  97. 101. 107.  99.  83.  96. 108. 113.  86. 106.
  67. 117.  80. 100.  82. 105. 104.  87. 116.  68. 119. 112.  79. 111.
  76. 123.  74. 121. 114.  75.  71. 115.  73. 118.  72. 120.  69.  70.
 122. 128. 125.]
2026-02-01 16:35:27,449 - INFO - Body_Temp --> [39.5 40.5 40.1 39.  40.  38.9 39.2 38.7 38.3 38.2 39.7 40.6 40.3 40.7
 39.8 40.8 38.4 40.4 40.9 40.2 39.9 39.1 39.4 38.1 41.1 38.6 38.8 37.9
 37.8 39.3 41.  38.5 41.3 39.6 41.4 38.  41.2 37.7 37.4 37.6 37.5 37.3
 41.5 37.1 37.2]
2026-02-01 16:35:27,460 - INFO - Before Converting :        Gender  Age  Height  Weight  Duration  Heart_Rate  Body_Temp
9839     male   37   179.0    77.0       7.0        81.0       39.5
9680     male   23   195.0    87.0      26.0       110.0       40.5
7093     male   33   181.0    77.0      12.0        88.0       40.1
11293  female   66   156.0    54.0       9.0        77.0       39.5
820    female   32   144.0    49.0       5.0        90.0       39.0
...       ...  ...     ...     ...       ...         ...        ...
5191   female   75   148.0    51.0      22.0       104.0       40.6
13418  female   21   172.0    67.0      20.0       104.0       40.7
5390     male   57   189.0    92.0       8.0        90.0       39.5
860      male   35   174.0    76.0      12.0        97.0       40.2
7270     male   26   182.0    86.0      16.0        91.0       40.5

[12000 rows x 7 columns]
2026-02-01 16:35:27,466 - INFO - Before Converting :        Gender  Age  Height  Weight  Duration  Heart_Rate  Body_Temp
11499  female   45   154.0    52.0      26.0       107.0       40.6
6475     male   21   187.0    90.0      29.0       111.0       40.5
13167    male   58   176.0    77.0      11.0        90.0       40.0
862      male   35   182.0    89.0      24.0       108.0       40.8
5970   female   67   171.0    67.0      29.0       116.0       41.1
...       ...  ...     ...     ...       ...         ...        ...
6216   female   61   166.0    66.0      28.0       106.0       41.0
3585   female   73   165.0    66.0      10.0        92.0       40.0
10023  female   38   169.0    66.0      20.0       104.0       40.2
14044  female   25   163.0    54.0       5.0        86.0       39.2
12965    male   26   181.0    84.0      29.0       116.0       41.2

[3000 rows x 7 columns]
2026-02-01 16:35:27,471 - INFO - Index(['Age', 'Height', 'Weight', 'Duration', 'Heart_Rate', 'Body_Temp',
       'Gender_male'],
      dtype='str')
2026-02-01 16:35:27,471 - INFO - Index(['Age', 'Height', 'Weight', 'Duration', 'Heart_Rate', 'Body_Temp',
       'Gender_male'],
      dtype='str')
2026-02-01 16:35:27,476 - INFO - After Converting :        Age  Height  Weight  Duration  Heart_Rate  Body_Temp  Gender_male
0       37   179.0    77.0       7.0        81.0       39.5          1.0
1       23   195.0    87.0      26.0       110.0       40.5          1.0
2       33   181.0    77.0      12.0        88.0       40.1          1.0
3       66   156.0    54.0       9.0        77.0       39.5          0.0
4       32   144.0    49.0       5.0        90.0       39.0          0.0
...    ...     ...     ...       ...         ...        ...          ...
11995   75   148.0    51.0      22.0       104.0       40.6          0.0
11996   21   172.0    67.0      20.0       104.0       40.7          0.0
11997   57   189.0    92.0       8.0        90.0       39.5          1.0
11998   35   174.0    76.0      12.0        97.0       40.2          1.0
11999   26   182.0    86.0      16.0        91.0       40.5          1.0

[12000 rows x 7 columns]
2026-02-01 16:35:27,480 - INFO - After Converting :       Age  Height  Weight  Duration  Heart_Rate  Body_Temp  Gender_male
0      45   154.0    52.0      26.0       107.0       40.6          0.0
1      21   187.0    90.0      29.0       111.0       40.5          1.0
2      58   176.0    77.0      11.0        90.0       40.0          1.0
3      35   182.0    89.0      24.0       108.0       40.8          1.0
4      67   171.0    67.0      29.0       116.0       41.1          0.0
...   ...     ...     ...       ...         ...        ...          ...
2995   61   166.0    66.0      28.0       106.0       41.0          0.0
2996   73   165.0    66.0      10.0        92.0       40.0          0.0
2997   38   169.0    66.0      20.0       104.0       40.2          0.0
2998   25   163.0    54.0       5.0        86.0       39.2          0.0
2999   26   181.0    84.0      29.0       116.0       41.2          1.0

[3000 rows x 7 columns]
2026-02-01 16:35:27,481 - INFO - (12000, 7)
2026-02-01 16:35:27,481 - INFO - (3000, 7)
2026-02-01 16:35:27,481 - INFO - Age            0
Height         0
Weight         0
Duration       0
Heart_Rate     0
Body_Temp      0
Gender_male    0
dtype: int64
2026-02-01 16:35:27,482 - INFO - Age            0
Height         0
Weight         0
Duration       0
Heart_Rate     0
Body_Temp      0
Gender_male    0
dtype: int64
2026-02-01 16:35:27,483 - INFO - (12000, 14)
2026-02-01 16:35:27,483 - INFO - (3000, 14)
2026-02-01 16:35:27,483 - INFO - Age            0
Height         0
Weight         0
Duration       0
Heart_Rate     0
Body_Temp      0
Gender_male    0
Age            0
Height         0
Weight         0
Duration       0
Heart_Rate     0
Body_Temp      0
Gender_male    0
dtype: int64
2026-02-01 16:35:27,484 - INFO - Age            0
Height         0
Weight         0
Duration       0
Heart_Rate     0
Body_Temp      0
Gender_male    0
Age            0
Height         0
Weight         0
Duration       0
Heart_Rate     0
Body_Temp      0
Gender_male    0
dtype: int64
2026-02-01 16:35:27,484 - INFO - =======================================================
2026-02-01 16:35:27,492 - INFO - Training Data :        Age  Height  Weight  Duration  ...  Duration  Heart_Rate  Body_Temp  Gender_male
9855    68   190.0    99.0      19.0  ...      19.0        98.0       40.4          1.0
11924   31   178.0    79.0      16.0  ...      16.0        93.0       40.5          1.0
4241    49   154.0    55.0      14.0  ...      14.0        94.0       40.3          0.0
3161    64   166.0    64.0      13.0  ...      13.0        99.0       40.3          0.0
10556   23   171.0    63.0      24.0  ...      24.0       104.0       40.8          0.0
5620    24   171.0    71.0       5.0  ...       5.0        87.0       39.2          0.0
7065    54   194.0    94.0      29.0  ...      29.0       106.0       40.8          1.0
8714    37   191.0    95.0      14.0  ...      14.0        91.0       39.8          1.0
4019    38   181.0    82.0      25.0  ...      25.0       107.0       40.8          1.0
8159    34   175.0    76.0      15.0  ...      15.0        92.0       40.3          1.0

[10 rows x 14 columns]
2026-02-01 16:35:27,501 - INFO - Testing Data :       Age  Height  Weight  Duration  ...  Duration  Heart_Rate  Body_Temp  Gender_male
2574   29   190.0    79.0      15.0  ...      15.0        97.0       39.9          0.0
1324   25   172.0    67.0      23.0  ...      23.0       103.0       40.6          0.0
1284   20   168.0    60.0      28.0  ...      28.0       101.0       41.3          0.0
1760   25   156.0    60.0      28.0  ...      28.0       110.0       40.8          0.0
108    46   183.0    82.0      24.0  ...      24.0       113.0       40.7          1.0
349    46   179.0    76.0      28.0  ...      28.0       102.0       41.0          1.0
16     34   181.0    80.0      18.0  ...      18.0       101.0       40.3          1.0
74     32   197.0   104.0       8.0  ...       8.0        89.0       40.0          1.0
621    32   166.0    72.0       2.0  ...       2.0        82.0       38.4          1.0
2716   40   162.0    64.0      22.0  ...      22.0       111.0       40.4          1.0

[10 rows x 14 columns]
